app/build/intermediates/manifest_merge_blame_file/debug/processDebugMainManifest/manifest-merger-blame-debug-report.txt
1<?xml version="1.0" encoding="utf-8"?>
2<manifest xmlns:android="http://schemas.android.com/apk/res/android"
3    package="com.jarvis.android"
4    android:versionCode="1"
5    android:versionName="1.0" >
6
7    <uses-sdk
8        android:minSdkVersion="33"
9        android:targetSdkVersion="35" />
10
11    <uses-permission android:name="android.permission.INTERNET" />
11-->src/main/AndroidManifest.xml:2:5-66
11-->src/main/AndroidManifest.xml:2:22-64
12
13    <permission
13-->[androidx.core:core:1.15.0] AndroidManifest.xml:22:5-24:47
14        android:name="com.jarvis.android.DYNAMIC_RECEIVER_NOT_EXPORTED_PERMISSION"
14-->[androidx.core:core:1.15.0] AndroidManifest.xml:23:9-81
15        android:protectionLevel="signature" />
15-->[androidx.core:core:1.15.0] AndroidManifest.xml:24:9-44
16
17    <uses-permission android:name="com.jarvis.android.DYNAMIC_RECEIVER_NOT_EXPORTED_PERMISSION" />
17-->[androidx.core:core:1.15.0] AndroidManifest.xml:26:5-97
17-->[androidx.core:core:1.15.0] AndroidManifest.xml:26:22-94
18
19    <application
19-->src/main/AndroidManifest.xml:4:5-20:19
20        android:appComponentFactory="androidx.core.app.CoreComponentFactory"
20-->[androidx.core:core:1.15.0] AndroidManifest.xml:28:18-86
21        android:debuggable="true"
22        android:extractNativeLibs="false"
23        android:label="JARVIS"
23-->src/main/AndroidManifest.xml:6:9-31
24        android:theme="@style/AppTheme" >
24-->src/main/AndroidManifest.xml:5:9-40
25        <activity
25-->src/main/AndroidManifest.xml:8:9-18:20
26            android:name="com.jarvis.android.MainActivity"
26-->src/main/AndroidManifest.xml:9:13-41
27            android:exported="true"
27-->src/main/AndroidManifest.xml:11:13-36
28            android:screenOrientation="landscape" >
28-->src/main/AndroidManifest.xml:10:13-50
29            <intent-filter>
29-->src/main/AndroidManifest.xml:13:13-16:29
30                <action android:name="android.intent.action.MAIN" />
30-->src/main/AndroidManifest.xml:14:17-68
30-->src/main/AndroidManifest.xml:14:25-66
31
32                <category android:name="android.intent.category.LAUNCHER" />
32-->src/main/AndroidManifest.xml:15:17-76
32-->src/main/AndroidManifest.xml:15:27-74
33            </intent-filter>
34        </activity>
35
36        <provider
36-->[androidx.profileinstaller:profileinstaller:1.3.0] AndroidManifest.xml:24:9-32:20
37            android:name="androidx.startup.InitializationProvider"
37-->[androidx.profileinstaller:profileinstaller:1.3.0] AndroidManifest.xml:25:13-67
38            android:authorities="com.jarvis.android.androidx-startup"
38-->[androidx.profileinstaller:profileinstaller:1.3.0] AndroidManifest.xml:26:13-68
39            android:exported="false" >
39-->[androidx.profileinstaller:profileinstaller:1.3.0] AndroidManifest.xml:27:13-37
40            <meta-data
40-->[androidx.profileinstaller:profileinstaller:1.3.0] AndroidManifest.xml:29:13-31:52
41                android:name="androidx.profileinstaller.ProfileInstallerInitializer"
41-->[androidx.profileinstaller:profileinstaller:1.3.0] AndroidManifest.xml:30:17-85
42                android:value="androidx.startup" />
42-->[androidx.profileinstaller:profileinstaller:1.3.0] AndroidManifest.xml:31:17-49
43        </provider>
44
45        <receiver
45-->[androidx.profileinstaller:profileinstaller:1.3.0] AndroidManifest.xml:34:9-52:20
46            android:name="androidx.profileinstaller.ProfileInstallReceiver"
46-->[androidx.profileinstaller:profileinstaller:1.3.0] AndroidManifest.xml:35:13-76
47            android:directBootAware="false"
47-->[androidx.profileinstaller:profileinstaller:1.3.0] AndroidManifest.xml:36:13-44
48            android:enabled="true"
48-->[androidx.profileinstaller:profileinstaller:1.3.0] AndroidManifest.xml:37:13-35
49            android:exported="true"
49-->[androidx.profileinstaller:profileinstaller:1.3.0] AndroidManifest.xml:38:13-36
50            android:permission="android.permission.DUMP" >
50-->[androidx.profileinstaller:profileinstaller:1.3.0] AndroidManifest.xml:39:13-57
51            <intent-filter>
51-->[androidx.profileinstaller:profileinstaller:1.3.0] AndroidManifest.xml:40:13-42:29
52                <action android:name="androidx.profileinstaller.action.INSTALL_PROFILE" />
52-->[androidx.profileinstaller:profileinstaller:1.3.0] AndroidManifest.xml:41:17-91
52-->[androidx.profileinstaller:profileinstaller:1.3.0] AndroidManifest.xml:41:25-88
53            </intent-filter>
54            <intent-filter>
54-->[androidx.profileinstaller:profileinstaller:1.3.0] AndroidManifest.xml:43:13-45:29
55                <action android:name="androidx.profileinstaller.action.SKIP_FILE" />
55-->[androidx.profileinstaller:profileinstaller:1.3.0] AndroidManifest.xml:44:17-85
55-->[androidx.profileinstaller:profileinstaller:1.3.0] AndroidManifest.xml:44:25-82
56            </intent-filter>
57            <intent-filter>
57-->[androidx.profileinstaller:profileinstaller:1.3.0] AndroidManifest.xml:46:13-48:29
58                <action android:name="androidx.profileinstaller.action.SAVE_PROFILE" />
58-->[androidx.profileinstaller:profileinstaller:1.3.0] AndroidManifest.xml:47:17-88
58-->[androidx.profileinstaller:profileinstaller:1.3.0] AndroidManifest.xml:47:25-85
59            </intent-filter>
60            <intent-filter>
60-->[androidx.profileinstaller:profileinstaller:1.3.0] AndroidManifest.xml:49:13-51:29
61                <action android:name="androidx.profileinstaller.action.BENCHMARK_OPERATION" />
61-->[androidx.profileinstaller:profileinstaller:1.3.0] AndroidManifest.xml:50:17-95
61-->[androidx.profileinstaller:profileinstaller:1.3.0] AndroidManifest.xml:50:25-92
62            </intent-filter>
63        </receiver>
64    </application>
65
66</manifest>